2025-07-10 00:11:02  System    System Started
2025-07-10 00:11:02  System    Connected to PostgreSQL successfully!
2025-07-10 22:52:48  System    System Started                                    
2025-07-10 22:52:48  System    Connected to PostgreSQL successfully!             
2025-07-10 22:53:19  System    System Started                                    
2025-07-10 22:53:20  System    Connected to PostgreSQL successfully!             
2025-07-10 23:03:16  System    System Started                                    
2025-07-10 23:03:16  System    Connected to PostgreSQL successfully!             
2025-07-10 23:03:16  Database  Users loaded successfully!                        
2025-07-10 23:16:10  System    System Started                                    
2025-07-10 23:16:10  System    Connected to PostgreSQL successfully!             
2025-07-10 23:16:10  Database  Users loaded successfully!                        
2025-07-10 23:16:40  System    System Started                                    
2025-07-10 23:16:41  System    Connected to PostgreSQL successfully!             
2025-07-10 23:16:41  Error     Connection failed.                                
2025-07-10 23:16:51  System    System Started                                    
2025-07-10 23:16:51  System    Connected to PostgreSQL successfully!             
2025-07-10 23:16:51  Error     Connection failed.                                
2025-07-10 23:17:07  System    System Started                                    
2025-07-10 23:17:07  System    Connected to PostgreSQL successfully!             
2025-07-10 23:17:07  Error     Connection failed.                                
2025-07-10 23:19:18  System    System Started                                    
2025-07-10 23:19:18  System    Connected to PostgreSQL successfully!             
2025-07-10 23:19:18  Database  User loaded successfully!                         
2025-07-10 23:19:18  Error     Connection failed.                                
2025-07-10 23:20:12  System    System Started                                    
2025-07-10 23:20:12  System    Connected to PostgreSQL successfully!             
2025-07-10 23:20:12  Database  User loaded successfully!                         
2025-07-10 23:20:12  Error     Connection failed.                                
2025-07-10 23:20:55  System    System Started                                    
2025-07-10 23:20:55  System    Connected to PostgreSQL successfully!             
2025-07-10 23:20:55  Database  User loaded successfully!                         
2025-07-10 23:20:55  Error     Connection failed.                                
2025-07-10 23:21:16  System    System Started                                    
2025-07-10 23:21:16  System    Connected to PostgreSQL successfully!             
2025-07-10 23:21:16  Database  User loaded successfully!                         
2025-07-10 23:21:16  Error     Connection failed.                                
2025-07-10 23:22:15  System    System Started                                    
2025-07-10 23:22:16  System    Connected to PostgreSQL successfully!             
2025-07-10 23:22:16  Database  User loaded successfully!                         
2025-07-10 23:22:16  Error     Connection failed.                                
2025-07-10 23:24:26  System    System Started                                    
2025-07-10 23:24:26  System    Connected to PostgreSQL successfully!             
2025-07-10 23:24:26  Database  Users loaded successfully!                        
2025-07-10 23:32:13  System    System Started                                    
2025-07-10 23:32:13  System    Connected to PostgreSQL successfully!             
2025-07-10 23:32:13  Database  Current User loaded successfully!                 
2025-07-10 23:32:13  System    Current User loaded successfully!                 
2025-07-10 23:32:13  Database  Users loaded successfully!                        
2025-07-10 23:50:04  System    System Started                                    
2025-07-10 23:50:04  System    Connected to PostgreSQL successfully!             
2025-07-10 23:50:04  Database  Current User loaded successfully!                 
2025-07-10 23:50:04  System    Current User loaded successfully!                 
2025-07-10 23:50:04  Database  All Users loaded successfully!                    
2025-07-10 23:50:32  System    System Started                                    
2025-07-10 23:50:32  System    Connected to PostgreSQL successfully!             
2025-07-10 23:50:32  Database  Current User loaded successfully!                 
2025-07-10 23:50:32  System    Current User loaded successfully!                 
2025-07-10 23:50:32  Database  All Users loaded successfully!                    
2025-07-10 23:50:37  System    System Started                                    
2025-07-10 23:50:38  System    Connected to PostgreSQL successfully!             
2025-07-10 23:50:38  Database  Current User loaded successfully!                 
2025-07-10 23:50:38  System    Current User loaded successfully!                 
2025-07-10 23:50:38  Database  All Users loaded successfully!                    
2025-07-10 23:50:46  System    System Started                                    
2025-07-10 23:50:46  System    Connected to PostgreSQL successfully!             
2025-07-10 23:50:46  Database  Current User loaded successfully!                 
2025-07-10 23:50:46  System    Current User loaded successfully!                 
2025-07-10 23:50:46  Database  All Users loaded successfully!                    
2025-07-10 23:51:13  System    System Started                                    
2025-07-10 23:51:13  System    Connected to PostgreSQL successfully!             
2025-07-10 23:51:13  Database  Current User loaded successfully!                 
2025-07-10 23:51:13  System    Current User loaded successfully!                 
2025-07-10 23:51:13  Database  All Users loaded successfully!                    
2025-07-10 23:51:37  System    System Started                                    
2025-07-10 23:51:37  System    Connected to PostgreSQL successfully!             
2025-07-10 23:51:37  Database  Current User loaded successfully!                 
2025-07-10 23:51:37  System    Current User loaded successfully!                 
2025-07-10 23:51:37  Database  All Users loaded successfully!                    
2025-07-10 23:51:50  System    System Started                                    
2025-07-10 23:51:50  System    Connected to PostgreSQL successfully!             
2025-07-10 23:51:50  Database  Current User loaded successfully!                 
2025-07-10 23:51:50  System    Current User loaded successfully!                 
2025-07-10 23:51:50  Database  All Users loaded successfully!                    
2025-07-10 23:52:05  System    System Started                                    
2025-07-10 23:52:05  System    Connected to PostgreSQL successfully!             
2025-07-10 23:52:05  Database  Current User loaded successfully!                 
2025-07-10 23:52:05  System    Current User loaded successfully!                 
2025-07-10 23:52:05  Database  All Users loaded successfully!                    
2025-07-10 23:52:32  System    System Started                                    
2025-07-10 23:52:32  System    Connected to PostgreSQL successfully!             
2025-07-10 23:52:32  Database  Current User loaded successfully!                 
2025-07-10 23:52:32  System    Current User loaded successfully!                 
2025-07-10 23:52:32  Database  All Users loaded successfully!                    
2025-07-10 23:52:59  System    System Started                                    
2025-07-10 23:52:59  System    Connected to PostgreSQL successfully!             
2025-07-10 23:52:59  Database  Current User loaded successfully!                 
2025-07-10 23:52:59  System    Current User loaded successfully!                 
2025-07-10 23:52:59  Database  All Users loaded successfully!                    
2025-07-10 23:53:29  System    System Started                                    
2025-07-10 23:53:30  System    Connected to PostgreSQL successfully!             
2025-07-10 23:53:30  Database  Current User loaded successfully!                 
2025-07-10 23:53:30  System    Current User loaded successfully!                 
2025-07-10 23:53:30  Database  All Users loaded successfully!                    
2025-07-10 23:53:59  System    System Started                                    
2025-07-10 23:53:59  System    Connected to PostgreSQL successfully!             
2025-07-10 23:53:59  Database  Current User loaded successfully!                 
2025-07-10 23:53:59  System    Current User loaded successfully!                 
2025-07-10 23:53:59  Database  All Users loaded successfully!                    
2025-07-10 23:54:11  System    System Started                                    
2025-07-10 23:54:11  System    Connected to PostgreSQL successfully!             
2025-07-10 23:54:11  Database  Current User loaded successfully!                 
2025-07-10 23:54:11  System    Current User loaded successfully!                 
2025-07-10 23:54:11  Database  All Users loaded successfully!                    
2025-07-10 23:54:47  System    System Started                                    
2025-07-10 23:54:47  System    Connected to PostgreSQL successfully!             
2025-07-10 23:54:47  Database  Current User loaded successfully!                 
2025-07-10 23:54:47  System    Current User loaded successfully!                 
2025-07-10 23:54:47  Database  All Users loaded successfully!                    
