2025-08-21 08:08:06  System    System Started
2025-08-21 08:08:06  System    Connected to PostgreSQL successfully!
2025-08-21 08:08:06  System    Current User loaded successfully!
2025-08-21 08:08:06  Database  All Users loaded successfully!
2025-08-21 08:08:16  System    System Started
2025-08-21 08:08:16  System    Connected to PostgreSQL successfully!
2025-08-21 08:08:16  Database  All Users loaded successfully!
2025-08-21 08:09:46  System    System Started
2025-08-21 08:09:46  System    Connected to PostgreSQL successfully!
2025-08-21 08:09:46  Database  All Users loaded successfully!
2025-08-21 08:11:33  System    Current User's user_id saved to file!
2025-08-21 08:11:33  System    User registered successfully
2025-08-21 08:11:43  System    System Started
2025-08-21 08:11:43  System    Connected to PostgreSQL successfully!
2025-08-21 08:11:43  System    Current User loaded successfully!
2025-08-21 08:11:43  Database  All Users loaded successfully!
2025-08-21 08:18:47  System    System Started
2025-08-21 08:18:47  System    Connected to PostgreSQL successfully!
2025-08-21 08:18:47  System    Current User loaded successfully!
2025-08-21 08:18:47  Database  All Users loaded successfully!
2025-08-21 08:20:14  System    System Started
2025-08-21 08:20:14  System    Connected to PostgreSQL successfully!
2025-08-21 08:20:14  System    Current User loaded successfully!
2025-08-21 08:20:14  Database  All Users loaded successfully!
2025-08-21 08:20:15  System    System Started
2025-08-21 08:20:15  System    Connected to PostgreSQL successfully!
2025-08-21 08:20:15  System    Current User loaded successfully!
2025-08-21 08:20:15  Database  All Users loaded successfully!
2025-08-21 08:24:24  System    User exited manually
2025-08-21 08:24:28  System    System Started
2025-08-21 08:24:28  System    Connected to PostgreSQL successfully!
2025-08-21 08:24:28  Database  All Users loaded successfully!
2025-08-21 08:26:14  System    System Started
2025-08-21 08:26:14  System    Connected to PostgreSQL successfully!
2025-08-21 08:26:14  Database  All Users loaded successfully!
2025-08-21 08:27:32  System    Current User's user_id saved to file!
2025-08-21 08:27:32  System    Current User loaded successfully!
2025-08-21 08:27:32  System    User logged in successfully
2025-08-21 08:28:16  System    System Started
2025-08-21 08:28:16  System    Connected to PostgreSQL successfully!
2025-08-21 08:28:16  System    Current User loaded successfully!
2025-08-21 08:28:16  Database  All Users loaded successfully!
2025-08-21 08:29:07  System    System Started
2025-08-21 08:29:07  System    Connected to PostgreSQL successfully!
2025-08-21 08:29:07  Database  All Users loaded successfully!
2025-08-21 08:29:50  System    System Started
2025-08-21 08:29:51  System    Connected to PostgreSQL successfully!
2025-08-21 08:29:51  Database  All Users loaded successfully!
2025-08-21 08:30:03  System    System Started
2025-08-21 08:30:03  System    Connected to PostgreSQL successfully!
2025-08-21 08:30:03  Database  All Users loaded successfully!
2025-08-21 08:30:18  System    System Started
2025-08-21 08:30:18  System    Connected to PostgreSQL successfully!
2025-08-21 08:30:18  Database  All Users loaded successfully!
